Using pre-set license
Built from '2020.3/china_unity/release' branch; Version is '2020.3.21f1c1 (ae728190a658) revision 11432577'; Using compiler version '192528614'; Build Type 'Release'
OS: 'Windows 10 Pro; OS build 19043.1586; Version 2009; 64bit' Language: 'zh' Physical Memory: 16180 MB
BatchMode: 1, IsHumanControllingUs: 0, StartBugReporterOnCrash: 0, Is64bit: 1, IsPro: 0

COMMAND LINE ARGUMENTS:
D:\UnityHub\2020.3.21f1c1\Editor\Unity.exe
-adb2
-batchMode
-noUpm
-name
AssetImportWorker0
-projectPath
F:/UnityProjects/Y_Person/Unity_Study/zhuang_Shader
-logFile
Logs/AssetImportWorker0.log
-srvPort
54668
Successfully changed project path to: F:/UnityProjects/Y_Person/Unity_Study/zhuang_Shader
F:/UnityProjects/Y_Person/Unity_Study/zhuang_Shader
Using Asset Import Pipeline V2.
AS: AutoStreaming module initializing.Refreshing native plugins compatible for Editor in 31.32 ms, found 2 plugins.
Preloading 0 native plugins for Editor in 0.00 ms.
Initialize engine version: 2020.3.21f1c1 (ae728190a658)
[Subsystems] Discovering subsystems at path D:/UnityHub/2020.3.21f1c1/Editor/Data/Resources/UnitySubsystems
[Subsystems] Discovering subsystems at path F:/UnityProjects/Y_Person/Unity_Study/zhuang_Shader/Assets
GfxDevice: creating device client; threaded=0
Direct3D:
    Version:  Direct3D 11.0 [level 11.0]
    Renderer: NVIDIA GeForce GT 730 (ID=0x1287)
    Vendor:   
    VRAM:     2007 MB
    Driver:   30.0.14.7212
Initialize mono
Mono path[0] = 'D:/UnityHub/2020.3.21f1c1/Editor/Data/Managed'
Mono path[1] = 'D:/UnityHub/2020.3.21f1c1/Editor/Data/MonoBleedingEdge/lib/mono/unityjit'
Mono config path = 'D:/UnityHub/2020.3.21f1c1/Editor/Data/MonoBleedingEdge/etc'
Using monoOptions --debugger-agent=transport=dt_socket,embedding=1,server=y,suspend=n,address=127.0.0.1:56504
Begin MonoManager ReloadAssembly
Registering precompiled unity dll's ...
Register platform support module: D:/UnityHub/2020.3.21f1c1/Editor/Data/PlaybackEngines/WindowsStandaloneSupport/UnityEditor.WindowsStandalone.Extensions.dll
Registered in 0.000892 seconds.
Native extension for WindowsStandalone target not found
Refreshing native plugins compatible for Editor in 30.59 ms, found 2 plugins.
Preloading 0 native plugins for Editor in 0.00 ms.
Mono: successfully reloaded assembly
- Completed reload, in  1.345 seconds
Domain Reload Profiling:
	ReloadAssembly (1345ms)
		BeginReloadAssembly (42ms)
			ExecutionOrderSort (0ms)
			DisableScriptedObjects (0ms)
			BackupInstance (0ms)
			ReleaseScriptingObjects (0ms)
			CreateAndSetChildDomain (1ms)
		EndReloadAssembly (369ms)
			LoadAssemblies (41ms)
			RebuildTransferFunctionScriptingTraits (0ms)
			SetupTypeCache (131ms)
			ReleaseScriptCaches (0ms)
			RebuildScriptCaches (27ms)
			SetupLoadedEditorAssemblies (135ms)
				LogAssemblyErrors (0ms)
				InitializePlatformSupportModulesInManaged (3ms)
				SetLoadedEditorAssemblies (0ms)
				RefreshPlugins (31ms)
				BeforeProcessingInitializeOnLoad (10ms)
				ProcessInitializeOnLoadAttributes (67ms)
				ProcessInitializeOnLoadMethodAttributes (24ms)
				AfterProcessingInitializeOnLoad (0ms)
				EditorAssembliesLoaded (0ms)
			ExecutionOrderSort2 (0ms)
			AwakeInstancesAfterBackupRestoration (0ms)
Platform modules already initialized, skipping
Registering precompiled user dll's ...
Registered in 0.002714 seconds.
Begin MonoManager ReloadAssembly
Native extension for WindowsStandalone target not found
Refreshing native plugins compatible for Editor in 0.35 ms, found 2 plugins.
Preloading 0 native plugins for Editor in 0.00 ms.
Mono: successfully reloaded assembly
- Completed reload, in  0.828 seconds
Domain Reload Profiling:
	ReloadAssembly (828ms)
		BeginReloadAssembly (119ms)
			ExecutionOrderSort (0ms)
			DisableScriptedObjects (4ms)
			BackupInstance (0ms)
			ReleaseScriptingObjects (0ms)
			CreateAndSetChildDomain (16ms)
		EndReloadAssembly (663ms)
			LoadAssemblies (68ms)
			RebuildTransferFunctionScriptingTraits (0ms)
			SetupTypeCache (233ms)
			ReleaseScriptCaches (1ms)
			RebuildScriptCaches (45ms)
			SetupLoadedEditorAssemblies (242ms)
				LogAssemblyErrors (0ms)
				InitializePlatformSupportModulesInManaged (4ms)
				SetLoadedEditorAssemblies (0ms)
				RefreshPlugins (0ms)
				BeforeProcessingInitializeOnLoad (70ms)
				ProcessInitializeOnLoadAttributes (159ms)
				ProcessInitializeOnLoadMethodAttributes (7ms)
				AfterProcessingInitializeOnLoad (2ms)
				EditorAssembliesLoaded (0ms)
			ExecutionOrderSort2 (0ms)
			AwakeInstancesAfterBackupRestoration (5ms)
Platform modules already initialized, skipping
========================================================================
Worker process is ready to serve import requests
Launched and connected shader compiler UnityShaderCompiler.exe after 0.04 seconds
Refreshing native plugins compatible for Editor in 0.57 ms, found 2 plugins.
Preloading 0 native plugins for Editor in 0.00 ms.
Unloading 1898 Unused Serialized files (Serialized files now loaded: 0)
System memory in use before: 115.6 MB.
System memory in use after: 115.6 MB.

Unloading 19 unused Assets to reduce memory usage. Loaded Objects now: 2346.
Total: 2.791000 ms (FindLiveObjects: 0.174500 ms CreateObjectMapping: 0.050900 ms MarkObjects: 2.480500 ms  DeleteObjects: 0.084300 ms)

AssetImportParameters requested are different than current active one (requested -> active):
  custom:framework-win-MediaFoundation: 216162199b28c13a410421893ffa2e32 -> 
  custom:video-decoder-ogg-theora: a1e56fd34408186e4bbccfd4996cb3dc -> 
  custom:container-muxer-webm: aa71ff27fc2769a1b78a27578f13a17b -> 
  custom:container-demuxer-webm: 4f35f7cbe854078d1ac9338744f61a02 -> 
  custom:container-demuxer-ogg: 62fdf1f143b41e24485cea50d1cbac27 -> 
  custom:video-encoder-webm-vp8: eb34c28f22e8b96e1ab97ce403110664 -> 
  custom:video-decoder-webm-vp8: 9c59270c3fd7afecdb556c50c9e8de78 -> 
  custom:audio-decoder-ogg-vorbis: bf7c407c2cedff20999df2af8eb42d56 -> 
  custom:audio-encoder-webm-vorbis: bf7c407c2cedff20999df2af8eb42d56 -> 
========================================================================
Received Import Request.
  path: Assets/Shader/07/0702S.shader
  artifactKey: Guid(fbe047ac741bd6249a4032acad8d7078) Importer(815301076,1909f56bfc062723c751e8b465ee728b)
Start importing Assets/Shader/07/0702S.shader using Guid(fbe047ac741bd6249a4032acad8d7078) Importer(815301076,1909f56bfc062723c751e8b465ee728b)  -> (artifact id: '28affa56e9a6de7d540f494ef020eecb') in 0.026451 seconds 
  Import took 0.028803 seconds .

========================================================================
Received Import Request.
  Time since last request: 5341.999816 seconds.
  path: Assets/Shader/07/OldSchoolPlus.shader
  artifactKey: Guid(5b25c8c4020bfd64c9de9bfa3cc81568) Importer(815301076,1909f56bfc062723c751e8b465ee728b)
Start importing Assets/Shader/07/OldSchoolPlus.shader using Guid(5b25c8c4020bfd64c9de9bfa3cc81568) Importer(815301076,1909f56bfc062723c751e8b465ee728b)  -> (artifact id: 'a7dd61e2f3febe02083ee962f3960fa0') in 0.004199 seconds 
  Import took 0.007042 seconds .

========================================================================
Received Import Request.
  Time since last request: 1041.336144 seconds.
  path: Assets/Shader/07/OldSchoolPlus.shader
  artifactKey: Guid(5b25c8c4020bfd64c9de9bfa3cc81568) Importer(815301076,1909f56bfc062723c751e8b465ee728b)
Start importing Assets/Shader/07/OldSchoolPlus.shader using Guid(5b25c8c4020bfd64c9de9bfa3cc81568) Importer(815301076,1909f56bfc062723c751e8b465ee728b)  -> (artifact id: '43f4a1c956cbc923843b1479c51b9c62') in 0.002137 seconds 
  Import took 0.006477 seconds .

========================================================================
Received Import Request.
  Time since last request: 200.232929 seconds.
  path: Assets/Shader/07/0701.shader
  artifactKey: Guid(a7a7de7e113b54e4d9c6feaf449b05e4) Importer(815301076,1909f56bfc062723c751e8b465ee728b)
Start importing Assets/Shader/07/0701.shader using Guid(a7a7de7e113b54e4d9c6feaf449b05e4) Importer(815301076,1909f56bfc062723c751e8b465ee728b)  -> (artifact id: '182e76b5ca3cb41ad171957ea3cda070') in 0.002140 seconds 
  Import took 0.004703 seconds .

AssetImportWorkerClient::OnTransportError - code=2 error=End of file
